TN:
SF:src/app.ts
FN:38,(anonymous_1)
FN:50,(anonymous_2)
FNF:2
FNH:2
FNDA:1,(anonymous_1)
FNDA:1,(anonymous_2)
DA:1,1
DA:2,1
DA:3,1
DA:4,1
DA:5,1
DA:6,1
DA:7,1
DA:8,1
DA:10,1
DA:13,1
DA:27,1
DA:28,1
DA:31,1
DA:35,1
DA:38,1
DA:39,1
DA:43,1
DA:46,1
DA:49,1
DA:50,1
DA:51,1
DA:54,1
LF:22
LH:22
BRDA:16,0,0,0
BRDA:16,0,1,1
BRDA:24,1,0,0
BRDA:24,1,1,1
BRDA:49,2,0,1
BRDA:49,2,1,0
BRF:6
BRH:3
end_of_record
TN:
SF:src/db.ts
FN:7,initDB
FN:19,openDBConnection
FN:20,(anonymous_11)
FN:21,(anonymous_12)
FN:39,createTables
FN:111,(anonymous_14)
FNF:6
FNH:6
FNDA:1,initDB
FNDA:1,openDBConnection
FNDA:1,(anonymous_11)
FNDA:1,(anonymous_12)
FNDA:1,createTables
FNDA:1,(anonymous_14)
DA:1,2
DA:2,2
DA:3,2
DA:7,2
DA:8,1
DA:9,1
DA:10,1
DA:11,1
DA:13,0
DA:14,0
DA:20,1
DA:21,1
DA:22,1
DA:23,0
DA:25,1
DA:26,1
DA:32,2
DA:40,1
DA:63,1
DA:70,1
DA:80,1
DA:87,1
DA:94,1
DA:103,1
DA:112,1
LF:25
LH:22
BRDA:22,0,0,0
BRDA:22,0,1,1
BRF:2
BRH:1
end_of_record
TN:
SF:src/config/index.ts
FNF:0
FNH:0
DA:1,3
DA:4,3
DA:6,3
LF:3
LH:3
BRDA:7,0,0,3
BRDA:7,0,1,0
BRDA:8,1,0,3
BRDA:8,1,1,0
BRDA:10,2,0,3
BRDA:10,2,1,0
BRDA:13,3,0,3
BRDA:13,3,1,3
BRDA:14,4,0,3
BRDA:14,4,1,3
BRDA:17,5,0,3
BRDA:17,5,1,0
BRDA:21,6,0,3
BRDA:21,6,1,3
BRDA:22,7,0,3
BRDA:22,7,1,3
BRDA:23,8,0,3
BRDA:23,8,1,3
BRDA:24,9,0,3
BRDA:24,9,1,0
BRF:20
BRH:15
end_of_record
TN:
SF:src/controllers/product.controller.ts
FN:8,(anonymous_7)
FN:13,(anonymous_8)
FN:17,(anonymous_9)
FN:28,(anonymous_10)
FN:29,(anonymous_11)
FN:35,(anonymous_12)
FN:43,(anonymous_13)
FN:43,(anonymous_14)
FN:92,(anonymous_15)
FN:96,(anonymous_16)
FN:115,(anonymous_17)
FN:119,(anonymous_18)
FNF:12
FNH:12
FNDA:4,(anonymous_7)
FNDA:5,(anonymous_8)
FNDA:5,(anonymous_9)
FNDA:21,(anonymous_10)
FNDA:21,(anonymous_11)
FNDA:21,(anonymous_12)
FNDA:15,(anonymous_13)
FNDA:15,(anonymous_14)
FNDA:1,(anonymous_15)
FNDA:1,(anonymous_16)
FNDA:1,(anonymous_17)
FNDA:1,(anonymous_18)
DA:2,2
DA:5,2
DA:9,4
DA:13,4
DA:17,5
DA:18,5
DA:19,5
DA:20,2
DA:21,2
DA:24,3
DA:28,21
DA:29,21
DA:31,3
DA:35,21
DA:38,0
DA:43,15
DA:44,15
DA:52,15
DA:54,15
DA:55,15
DA:58,15
DA:59,2
DA:62,2
DA:66,13
DA:67,0
DA:70,0
DA:74,13
DA:85,13
DA:87,0
DA:92,4
DA:96,1
DA:97,1
DA:98,1
DA:100,1
DA:101,0
DA:102,0
DA:106,1
DA:108,1
DA:110,0
DA:115,4
DA:119,1
DA:120,1
DA:121,1
DA:122,1
DA:123,0
DA:124,0
DA:128,1
DA:129,1
DA:131,0
LF:49
LH:39
BRDA:19,0,0,2
BRDA:50,1,0,10
BRDA:51,2,0,11
BRDA:58,3,0,2
BRDA:66,4,0,0
BRDA:76,5,0,1
BRDA:76,5,1,12
BRDA:78,6,0,1
BRDA:78,6,1,12
BRDA:100,7,0,0
BRDA:100,8,0,1
BRDA:100,8,1,1
BRDA:122,9,0,0
BRF:13
BRH:10
end_of_record
TN:
SF:src/entities/product.entity.ts
FN:2,(anonymous_0)
FN:21,(anonymous_1)
FN:26,(anonymous_2)
FN:31,(anonymous_3)
FNF:4
FNH:2
FNDA:120,(anonymous_0)
FNDA:0,(anonymous_1)
FNDA:0,(anonymous_2)
FNDA:15,(anonymous_3)
DA:1,3
DA:3,120
DA:4,120
DA:5,120
DA:6,120
DA:7,120
DA:8,120
DA:9,120
DA:10,120
DA:11,120
DA:12,120
DA:13,120
DA:14,120
DA:15,120
DA:16,120
DA:17,120
DA:22,0
DA:27,0
DA:31,3
DA:32,15
LF:20
LH:18
BRF:0
BRH:0
end_of_record
TN:
SF:src/middlewares/auth.middleware.ts
FN:18,authenticate
FN:51,authorizeRole
FN:52,(anonymous_3)
FNF:3
FNH:3
FNDA:21,authenticate
FNDA:1,authorizeRole
FNDA:3,(anonymous_3)
DA:2,1
DA:3,1
DA:18,1
DA:20,21
DA:22,21
DA:23,2
DA:26,2
DA:29,19
DA:31,19
DA:33,19
DA:36,19
DA:39,19
DA:42,0
DA:51,1
DA:52,1
DA:54,3
DA:55,0
DA:59,3
DA:61,3
DA:62,0
DA:66,3
LF:21
LH:18
BRDA:22,0,0,2
BRDA:22,1,0,21
BRDA:22,1,1,19
BRDA:54,2,0,0
BRDA:54,3,0,3
BRDA:54,3,1,3
BRDA:54,3,2,3
BRDA:61,4,0,0
BRF:8
BRH:6
end_of_record
TN:
SF:src/middlewares/errorHandler.middleware.ts
FN:12,errorHandler
FNF:1
FNH:0
FNDA:0,errorHandler
DA:2,1
DA:12,1
DA:19,0
DA:28,0
LF:4
LH:2
BRDA:21,0,0,0
BRDA:21,0,1,0
BRDA:24,1,0,0
BRDA:24,1,1,0
BRDA:28,2,0,0
BRDA:28,2,1,0
BRDA:29,3,0,0
BRDA:29,3,1,0
BRDA:30,4,0,0
BRDA:30,4,1,0
BRDA:31,5,0,0
BRDA:31,5,1,0
BRF:12
BRH:0
end_of_record
TN:
SF:src/middlewares/logging.middleware.ts
FN:7,requestLogger
FN:10,(anonymous_1)
FNF:2
FNH:2
FNDA:21,requestLogger
FNDA:21,(anonymous_1)
DA:2,1
DA:7,1
DA:8,21
DA:10,21
DA:11,21
DA:12,21
DA:14,21
DA:24,21
LF:8
LH:8
BRF:0
BRH:0
end_of_record
TN:
SF:src/middlewares/upload.middleware.ts
FN:8,(anonymous_1)
FN:18,(anonymous_2)
FN:25,(anonymous_3)
FNF:3
FNH:3
FNDA:2,(anonymous_1)
FNDA:2,(anonymous_2)
FNDA:2,(anonymous_3)
DA:2,1
DA:3,1
DA:4,1
DA:7,1
DA:9,2
DA:12,2
DA:13,0
DA:16,2
DA:19,2
DA:20,2
DA:25,1
DA:26,2
DA:27,2
DA:29,0
DA:34,1
LF:15
LH:13
BRDA:12,0,0,0
BRDA:26,1,0,2
BRDA:26,1,1,0
BRF:3
BRH:1
end_of_record
TN:
SF:src/repositories/base.respository.ts
FN:6,(anonymous_7)
FN:6,(anonymous_8)
FN:7,(anonymous_9)
FN:8,(anonymous_10)
FN:20,(anonymous_11)
FN:21,(anonymous_12)
FN:24,(anonymous_13)
FN:25,(anonymous_14)
FN:37,(anonymous_15)
FN:37,(anonymous_16)
FN:38,(anonymous_17)
FN:39,(anonymous_18)
FN:51,(anonymous_19)
FN:52,(anonymous_21)
FN:53,(anonymous_22)
FN:65,(anonymous_23)
FN:66,(anonymous_25)
FN:67,(anonymous_26)
FN:79,(anonymous_27)
FN:80,(anonymous_29)
FN:81,(anonymous_30)
FNF:21
FNH:18
FNDA:6,(anonymous_7)
FNDA:6,(anonymous_8)
FNDA:6,(anonymous_9)
FNDA:6,(anonymous_10)
FNDA:28,(anonymous_11)
FNDA:28,(anonymous_12)
FNDA:28,(anonymous_13)
FNDA:28,(anonymous_14)
FNDA:14,(anonymous_15)
FNDA:14,(anonymous_16)
FNDA:14,(anonymous_17)
FNDA:14,(anonymous_18)
FNDA:3,(anonymous_19)
FNDA:3,(anonymous_21)
FNDA:3,(anonymous_22)
FNDA:3,(anonymous_23)
FNDA:3,(anonymous_25)
FNDA:3,(anonymous_26)
FNDA:0,(anonymous_27)
FNDA:0,(anonymous_29)
FNDA:0,(anonymous_30)
DA:1,2
DA:2,2
DA:4,2
DA:6,6
DA:7,6
DA:8,6
DA:9,6
DA:10,2
DA:11,2
DA:13,4
DA:21,28
DA:24,28
DA:25,28
DA:26,28
DA:27,0
DA:28,0
DA:30,28
DA:37,14
DA:38,14
DA:39,14
DA:40,14
DA:41,0
DA:42,0
DA:44,14
DA:52,3
DA:53,3
DA:54,3
DA:55,0
DA:56,0
DA:58,3
DA:66,3
DA:67,3
DA:68,3
DA:69,0
DA:70,0
DA:72,3
DA:80,0
DA:81,0
DA:82,0
DA:83,0
DA:84,0
DA:86,0
LF:42
LH:28
BRDA:6,0,0,0
BRDA:9,1,0,2
BRDA:9,1,1,4
BRDA:22,2,0,0
BRDA:26,3,0,0
BRDA:26,3,1,28
BRDA:30,4,0,28
BRDA:30,4,1,2
BRDA:37,5,0,0
BRDA:40,6,0,0
BRDA:40,6,1,14
BRDA:54,7,0,0
BRDA:54,7,1,3
BRDA:68,8,0,0
BRDA:68,8,1,3
BRDA:82,9,0,0
BRDA:82,9,1,0
BRF:17
BRH:8
end_of_record
TN:
SF:src/repositories/product.repository.ts
FN:8,(anonymous_7)
FN:9,(anonymous_8)
FN:56,(anonymous_9)
FN:64,(anonymous_10)
FN:84,(anonymous_11)
FN:133,(anonymous_13)
FN:157,(anonymous_15)
FN:179,(anonymous_17)
FN:199,(anonymous_19)
FN:214,(anonymous_21)
FN:231,(anonymous_23)
FN:235,(anonymous_25)
FNF:12
FNH:11
FNDA:13,(anonymous_7)
FNDA:13,(anonymous_8)
FNDA:83,(anonymous_9)
FNDA:103,(anonymous_10)
FNDA:2,(anonymous_11)
FNDA:0,(anonymous_13)
FNDA:6,(anonymous_15)
FNDA:22,(anonymous_17)
FNDA:2,(anonymous_19)
FNDA:2,(anonymous_21)
FNDA:1,(anonymous_23)
FNDA:1,(anonymous_25)
DA:2,2
DA:3,2
DA:4,2
DA:6,2
DA:9,13
DA:13,13
DA:20,13
DA:23,13
DA:25,13
DA:26,1
DA:27,1
DA:30,13
DA:31,3
DA:32,3
DA:33,3
DA:36,13
DA:37,1
DA:38,1
DA:41,13
DA:42,1
DA:43,1
DA:47,13
DA:48,6
DA:52,13
DA:54,13
DA:55,13
DA:56,83
DA:58,0
DA:59,0
DA:65,103
DA:87,2
DA:89,2
DA:90,2
DA:94,2
DA:100,2
DA:123,0
DA:127,2
DA:128,2
DA:134,0
DA:139,0
DA:140,0
DA:143,0
DA:149,0
DA:150,0
DA:153,0
DA:158,6
DA:163,6
DA:164,0
DA:165,0
DA:171,6
DA:172,0
DA:175,6
DA:180,22
DA:189,22
DA:190,22
DA:191,22
DA:193,0
DA:194,0
DA:201,2
DA:202,2
DA:203,2
DA:204,2
DA:208,0
DA:209,0
DA:215,2
DA:216,2
DA:217,2
DA:218,2
DA:222,0
DA:226,0
DA:232,1
DA:233,1
DA:234,1
DA:235,1
DA:237,0
DA:238,0
LF:76
LH:55
BRDA:10,0,0,0
BRDA:11,1,0,0
BRDA:25,2,0,1
BRDA:30,3,0,3
BRDA:36,4,0,1
BRDA:41,5,0,1
BRDA:47,6,0,6
BRDA:139,7,0,0
BRDA:149,8,0,0
BRDA:163,9,0,0
BRDA:171,10,0,0
BRDA:191,11,0,20
BRDA:191,11,1,2
BRF:13
BRH:7
end_of_record
TN:
SF:src/routes/v1/product.routes.ts
FNF:0
FNH:0
DA:1,1
DA:2,1
DA:3,1
DA:4,1
DA:5,1
DA:6,1
DA:8,1
DA:10,1
DA:11,1
DA:12,1
DA:14,1
DA:15,1
DA:22,1
DA:23,1
DA:29,1
LF:15
LH:15
BRF:0
BRH:0
end_of_record
TN:
SF:src/services/product.service.ts
FN:9,(anonymous_7)
FN:12,(anonymous_8)
FN:13,(anonymous_9)
FN:27,(anonymous_10)
FN:36,(anonymous_12)
FN:36,(anonymous_13)
FN:46,(anonymous_14)
FN:66,(anonymous_15)
FN:109,(anonymous_17)
FN:119,(anonymous_19)
FN:143,(anonymous_21)
FN:170,(anonymous_23)
FNF:12
FNH:12
FNDA:4,(anonymous_7)
FNDA:14,(anonymous_8)
FNDA:14,(anonymous_9)
FNDA:2,(anonymous_10)
FNDA:20,(anonymous_12)
FNDA:20,(anonymous_13)
FNDA:20,(anonymous_14)
FNDA:2,(anonymous_15)
FNDA:2,(anonymous_17)
FNDA:20,(anonymous_19)
FNDA:2,(anonymous_21)
FNDA:20,(anonymous_23)
DA:1,3
DA:3,3
DA:5,3
DA:6,3
DA:8,3
DA:9,4
DA:13,14
DA:17,14
DA:18,14
DA:20,0
DA:21,0
DA:22,0
DA:28,2
DA:29,2
DA:32,2
DA:34,2
DA:36,20
DA:39,20
DA:43,2
DA:46,2
DA:47,20
DA:51,2
DA:53,2
DA:56,0
DA:57,0
DA:61,0
DA:68,2
DA:69,2
DA:71,2
DA:72,4
DA:75,4
DA:76,1
DA:79,1
DA:85,3
DA:86,3
DA:90,1
DA:91,2
DA:92,4
DA:93,2
DA:99,1
DA:102,1
DA:103,1
DA:104,1
DA:110,2
DA:111,2
DA:113,0
DA:114,0
DA:122,20
DA:124,20
DA:125,20
DA:128,20
DA:130,20
DA:131,18
DA:133,2
DA:134,0
DA:136,2
DA:137,2
DA:138,2
DA:144,2
DA:145,2
DA:163,2
DA:165,2
DA:166,2
DA:171,20
DA:172,20
DA:173,20
LF:66
LH:57
BRDA:14,0,0,0
BRDA:15,1,0,0
BRDA:75,2,0,1
BRDA:75,3,0,4
BRDA:75,3,1,4
BRDA:92,4,0,2
BRDA:124,5,0,20
BRDA:130,6,0,18
BRDA:137,7,0,2
BRDA:137,7,1,0
BRDA:156,8,0,0
BRDA:156,8,1,2
BRF:12
BRH:8
end_of_record
TN:
SF:src/utils/csvParser.ts
FN:11,parseCSV
FN:15,(anonymous_10)
FN:21,(anonymous_11)
FN:21,(anonymous_12)
FN:30,(anonymous_13)
FN:36,(anonymous_14)
FNF:6
FNH:5
FNDA:2,parseCSV
FNDA:2,(anonymous_10)
FNDA:20,(anonymous_11)
FNDA:20,(anonymous_12)
FNDA:2,(anonymous_13)
FNDA:0,(anonymous_14)
DA:1,3
DA:2,3
DA:3,3
DA:11,3
DA:15,2
DA:16,2
DA:19,2
DA:21,20
DA:22,20
DA:24,20
DA:25,20
DA:27,0
DA:31,2
DA:34,2
DA:37,0
DA:38,0
LF:16
LH:13
BRF:0
BRH:0
end_of_record
TN:
SF:src/utils/logger.ts
FNF:0
FNH:0
DA:1,3
DA:2,3
DA:3,3
DA:4,3
DA:6,3
DA:9,3
DA:10,0
DA:14,3
DA:19,3
LF:9
LH:8
BRDA:9,0,0,0
BRDA:23,1,0,0
BRDA:23,1,1,3
BRDA:23,2,0,3
BRDA:23,2,1,3
BRF:5
BRH:3
end_of_record
TN:
SF:tests/helpers/jwt.helper.ts
FN:5,(anonymous_1)
FN:18,(anonymous_2)
FN:19,(anonymous_3)
FNF:3
FNH:3
FNDA:5,(anonymous_1)
FNDA:4,(anonymous_2)
FNDA:1,(anonymous_3)
DA:1,2
DA:2,2
DA:5,2
DA:6,5
DA:12,5
DA:14,5
DA:18,4
DA:19,2
LF:8
LH:8
BRDA:5,0,0,0
BRF:1
BRH:0
end_of_record
